2025-10-12 03:37:16,971 - production_config - INFO - Rate limit: 10 requests/minute
2025-10-12 03:37:16,973 - production_config - INFO - Max bet amount: $10,000
2025-10-12 03:37:16,974 - production_config - INFO - Min bet amount: $1
2025-10-12 03:37:56,198 - production_config - INFO - Rate limit: 10 requests/minute
2025-10-12 03:37:56,198 - production_config - INFO - Max bet amount: $10,000
2025-10-12 03:37:56,199 - production_config - INFO - Min bet amount: $1
2025-10-12 03:39:41,283 - __main__ - INFO - Starting Production Sports Betting Bot...
2025-10-12 03:39:41,284 - __main__ - INFO - Rate limit: 10 requests/minute
2025-10-12 03:39:41,284 - __main__ - INFO - Max bet amount: $10,000
2025-10-12 03:39:41,284 - __main__ - INFO - Min bet amount: $1
2025-10-12 03:39:41,285 - __main__ - ERROR - Error running bot: Cannot close a running event loop
2025-10-12 03:40:22,689 - production_config - INFO - Starting Production Sports Betting Bot...
2025-10-12 03:40:22,690 - production_config - INFO - Rate limit: 10 requests/minute
2025-10-12 03:40:22,691 - production_config - INFO - Max bet amount: $10,000
2025-10-12 03:40:22,691 - production_config - INFO - Min bet amount: $1
2025-10-12 03:40:22,691 - production_config - ERROR - Error running bot: Cannot close a running event loop
2025-10-13 23:33:44,560 - root - ERROR - main:363 - Failed to start bot: 'ProductionBettingBot' object has no attribute 'help_command'
2025-10-13 23:36:41,910 - __main__ - INFO - main:886 - Press Ctrl+C to stop the bot
2025-10-13 23:36:41,933 - monitoring - ERROR - _gather_metrics:98 - Error gathering metrics: name 'DatabaseManager' is not defined
2025-10-13 23:36:41,934 - monitoring - ERROR - _health_check:115 - Health check failed: name 'DatabaseManager' is not defined
2025-10-13 23:36:44,281 - httpx - INFO - _send_single_request:1740 - HTTP Request: POST https://api.telegram.org/bot8306444578:AAGEf9nUrWmvW9yCdRLWV6Ev4Q0R_-z55b8/getMe "HTTP/1.1 401 Unauthorized"
2025-10-13 23:36:44,282 - root - ERROR - main:897 - Failed to start bot: The token `8306444578:AAGEf9nUrWmvW9yCdRLWV6Ev4Q0R_-z55b8` was rejected by the server.
2025-10-13 23:37:39,641 - __main__ - INFO - main:885 - Starting Production Sports Betting Bot...
2025-10-13 23:37:39,643 - __main__ - INFO - main:886 - Press Ctrl+C to stop the bot
2025-10-13 23:37:39,643 - monitoring - INFO - start_monitoring:36 - Starting monitoring system...
2025-10-13 23:37:40,226 - httpx - INFO - _send_single_request:1740 - HTTP Request: POST https://api.telegram.org/bot8306444578:AAF8CTcWFBsVg5RIfb1IOTiwoPgQorVVgLw/getMe "HTTP/1.1 200 OK"
2025-10-13 23:37:40,235 - telegram.ext.Application - INFO - start:633 - Application started
2025-10-13 23:41:16,179 - __main__ - INFO - main:885 - Starting Production Sports Betting Bot...
2025-10-13 23:41:16,179 - __main__ - INFO - main:886 - Press Ctrl+C to stop the bot
2025-10-13 23:41:16,180 - monitoring - INFO - start_monitoring:36 - Starting monitoring system...
2025-10-13 23:41:16,775 - httpx - INFO - _send_single_request:1740 - HTTP Request: POST https://api.telegram.org/bot8306444578:AAF8CTcWFBsVg5RIfb1IOTiwoPgQorVVgLw/getMe "HTTP/1.1 200 OK"
2025-10-13 23:41:16,777 - telegram.ext.Application - INFO - start:633 - Application started
2025-10-13 23:42:34,222 - __main__ - INFO - main:885 - Starting Production Sports Betting Bot...
2025-10-13 23:42:34,223 - __main__ - INFO - main:886 - Press Ctrl+C to stop the bot
2025-10-13 23:42:34,223 - monitoring - INFO - start_monitoring:36 - Starting monitoring system...
2025-10-13 23:42:34,776 - httpx - INFO - _send_single_request:1740 - HTTP Request: POST https://api.telegram.org/bot8306444578:AAF8CTcWFBsVg5RIfb1IOTiwoPgQorVVgLw/getMe "HTTP/1.1 200 OK"
2025-10-13 23:42:34,779 - telegram.ext.Application - INFO - start:633 - Application started
2025-10-13 23:43:06,980 - __main__ - INFO - _signal_handler:51 - Received signal 2, initiating graceful shutdown...
2025-10-13 23:43:06,985 - telegram.ext.Application - INFO - stop:667 - Application is stopping. This might take a moment.
2025-10-13 23:43:06,985 - telegram.ext.Application - INFO - stop:703 - Application.stop() complete
2025-10-13 23:43:23,081 - __main__ - INFO - main:885 - Starting Production Sports Betting Bot...
2025-10-13 23:43:23,081 - __main__ - INFO - main:886 - Press Ctrl+C to stop the bot
2025-10-13 23:43:23,082 - monitoring - INFO - start_monitoring:36 - Starting monitoring system...
2025-10-13 23:43:23,655 - httpx - INFO - _send_single_request:1740 - HTTP Request: POST https://api.telegram.org/bot8306444578:AAF8CTcWFBsVg5RIfb1IOTiwoPgQorVVgLw/getMe "HTTP/1.1 200 OK"
2025-10-13 23:43:23,656 - telegram.ext.Application - INFO - start:633 - Application started
2025-10-13 23:43:49,320 - __main__ - INFO - main:885 - Starting Production Sports Betting Bot...
2025-10-13 23:43:49,321 - __main__ - INFO - main:886 - Press Ctrl+C to stop the bot
2025-10-13 23:43:49,321 - monitoring - INFO - start_monitoring:36 - Starting monitoring system...
2025-10-13 23:43:49,970 - httpx - INFO - _send_single_request:1740 - HTTP Request: POST https://api.telegram.org/bot8306444578:AAF8CTcWFBsVg5RIfb1IOTiwoPgQorVVgLw/getMe "HTTP/1.1 200 OK"
2025-10-13 23:43:49,972 - telegram.ext.Application - INFO - start:633 - Application started
2025-10-14 00:01:10,902 - root - ERROR - main:714 - Failed to start bot: 'RealLifeBettingBot' object has no attribute 'handle_message'
2025-10-14 00:06:01,921 - __main__ - INFO - main:855 - Starting Real-Life Sports Betting Bot...
2025-10-14 00:06:01,922 - __main__ - INFO - main:856 - Press Ctrl+C to stop the bot
2025-10-14 00:06:01,923 - monitoring - INFO - start_monitoring:36 - Starting monitoring system...
2025-10-14 00:06:02,616 - httpx - INFO - _send_single_request:1740 - HTTP Request: POST https://api.telegram.org/bot8306444578:AAF8CTcWFBsVg5RIfb1IOTiwoPgQorVVgLw/getMe "HTTP/1.1 200 OK"
2025-10-14 00:06:02,620 - telegram.ext.Application - INFO - start:633 - Application started
2025-10-14 00:08:19,563 - __main__ - INFO - main:1145 - Starting Real-Life Sports Betting Bot...
2025-10-14 00:08:19,575 - __main__ - INFO - main:1146 - Press Ctrl+C to stop the bot
2025-10-14 00:08:19,576 - monitoring - INFO - start_monitoring:36 - Starting monitoring system...
2025-10-14 00:08:20,195 - httpx - INFO - _send_single_request:1740 - HTTP Request: POST https://api.telegram.org/bot8306444578:AAF8CTcWFBsVg5RIfb1IOTiwoPgQorVVgLw/getMe "HTTP/1.1 200 OK"
2025-10-14 00:08:20,199 - telegram.ext.Application - INFO - start:633 - Application started
2025-10-14 00:11:35,605 - __main__ - INFO - main:1145 - Starting Real-Life Sports Betting Bot...
2025-10-14 00:11:35,605 - __main__ - INFO - main:1146 - Press Ctrl+C to stop the bot
2025-10-14 00:11:35,606 - monitoring - INFO - start_monitoring:36 - Starting monitoring system...
2025-10-14 00:11:36,169 - httpx - INFO - _send_single_request:1740 - HTTP Request: POST https://api.telegram.org/bot8306444578:AAF8CTcWFBsVg5RIfb1IOTiwoPgQorVVgLw/getMe "HTTP/1.1 200 OK"
2025-10-14 00:11:36,171 - telegram.ext.Application - INFO - start:633 - Application started
2025-10-14 00:13:00,521 - __main__ - INFO - main:1145 - Starting Real-Life Sports Betting Bot...
2025-10-14 00:13:00,521 - __main__ - INFO - main:1146 - Press Ctrl+C to stop the bot
2025-10-14 00:13:00,522 - monitoring - INFO - start_monitoring:36 - Starting monitoring system...
2025-10-14 00:13:01,098 - httpx - INFO - _send_single_request:1740 - HTTP Request: POST https://api.telegram.org/bot8306444578:AAF8CTcWFBsVg5RIfb1IOTiwoPgQorVVgLw/getMe "HTTP/1.1 200 OK"
2025-10-14 00:13:01,100 - telegram.ext.Application - INFO - start:633 - Application started
2025-10-14 00:18:39,327 - __main__ - INFO - main:1145 - Starting Real-Life Sports Betting Bot...
2025-10-14 00:18:39,327 - __main__ - INFO - main:1146 - Press Ctrl+C to stop the bot
2025-10-14 00:18:39,328 - monitoring - INFO - start_monitoring:36 - Starting monitoring system...
2025-10-14 00:18:39,959 - httpx - INFO - _send_single_request:1740 - HTTP Request: POST https://api.telegram.org/bot8306444578:AAF8CTcWFBsVg5RIfb1IOTiwoPgQorVVgLw/getMe "HTTP/1.1 200 OK"
2025-10-14 00:18:39,962 - telegram.ext.Application - INFO - start:633 - Application started
2025-10-14 00:19:43,464 - httpx - INFO - _send_single_request:1740 - HTTP Request: POST https://api.telegram.org/bot8306444578:AAF8CTcWFBsVg5RIfb1IOTiwoPgQorVVgLw/getMe "HTTP/1.1 200 OK"
2025-10-14 00:19:55,757 - __main__ - INFO - main:1145 - Starting Real-Life Sports Betting Bot...
2025-10-14 00:19:55,758 - __main__ - INFO - main:1146 - Press Ctrl+C to stop the bot
2025-10-14 00:19:55,758 - monitoring - INFO - start_monitoring:36 - Starting monitoring system...
2025-10-14 00:19:56,376 - httpx - INFO - _send_single_request:1740 - HTTP Request: POST https://api.telegram.org/bot8306444578:AAF8CTcWFBsVg5RIfb1IOTiwoPgQorVVgLw/getMe "HTTP/1.1 200 OK"
2025-10-14 00:19:56,377 - telegram.ext.Application - INFO - start:633 - Application started
2025-10-14 00:21:46,178 - __main__ - INFO - main:1145 - Starting Real-Life Sports Betting Bot...
2025-10-14 00:21:46,178 - __main__ - INFO - main:1146 - Press Ctrl+C to stop the bot
2025-10-14 00:21:46,179 - monitoring - INFO - start_monitoring:36 - Starting monitoring system...
2025-10-14 00:21:46,735 - httpx - INFO - _send_single_request:1740 - HTTP Request: POST https://api.telegram.org/bot8306444578:AAF8CTcWFBsVg5RIfb1IOTiwoPgQorVVgLw/getMe "HTTP/1.1 200 OK"
2025-10-14 00:21:46,737 - telegram.ext.Application - INFO - start:633 - Application started
2025-10-14 00:22:32,062 - __main__ - INFO - main:1145 - Starting Real-Life Sports Betting Bot...
2025-10-14 00:22:32,062 - __main__ - INFO - main:1146 - Press Ctrl+C to stop the bot
2025-10-14 00:22:32,063 - monitoring - INFO - start_monitoring:36 - Starting monitoring system...
2025-10-14 00:22:32,659 - httpx - INFO - _send_single_request:1740 - HTTP Request: POST https://api.telegram.org/bot8306444578:AAF8CTcWFBsVg5RIfb1IOTiwoPgQorVVgLw/getMe "HTTP/1.1 200 OK"
2025-10-14 00:22:32,662 - telegram.ext.Application - INFO - start:633 - Application started
2025-10-14 00:44:47,581 - __main__ - INFO - _signal_handler:53 - Received signal 2, initiating graceful shutdown...
2025-10-14 00:44:47,591 - telegram.ext.Application - INFO - stop:667 - Application is stopping. This might take a moment.
2025-10-14 00:44:47,596 - telegram.ext.Application - INFO - stop:703 - Application.stop() complete
2025-10-14 00:44:47,609 - __main__ - INFO - main:1154 - Bot stopped gracefully
